<?xml version="1.0" encoding="UTF-8"?>
<!-- Generated by org.testng.reporters.JUnitReportReporter -->
<testsuite hostname="SHOAS" failures="0" tests="1" name="ApplicationTestRunner.Application_Test_Runner" time="6.254" errors="0" timestamp="2025-02-18T15:16:02 CST" skipped="0">
  <testcase classname="ApplicationTestRunner.Application_Test_Runner" name="feature" time="6.254"/>
</testsuite> <!-- ApplicationTestRunner.Application_Test_Runner -->
